<?xml version="1.0" encoding="UTF-8"?>
<testsuite name="com.example.springcicd.SpringCicdApplicationTests" tests="1" skipped="0" failures="0" errors="0" timestamp="2025-02-19T21:32:20" hostname="DESKTOP-HP6VELI" time="1.215">
  <properties/>
  <testcase name="shouldReturnDefaultMessage()" classname="com.example.springcicd.SpringCicdApplicationTests" time="1.215"/>
  <system-out><![CDATA[22:32:17.137 [Test worker] INFO org.springframework.test.context.support.AnnotationConfigContextLoaderUtils -- Could not detect default configuration classes for test class [com.example.springcicd.SpringCicdApplicationTests]: SpringCicdApplicationTests does not declare any static, non-private, non-final, nested classes annotated with @Configuration.
22:32:17.341 [Test worker] INFO org.springframework.boot.test.context.SpringBootTestContextBootstrapper -- Found @SpringBootConfiguration com.example.springcicd.SpringCicdApplication for test class com.example.springcicd.SpringCicdApplicationTests

  .   ____          _            __ _ _
 /\\ / ___'_ __ _ _(_)_ __  __ _ \ \ \ \
( ( )\___ | '_ | '_| | '_ \/ _` | \ \ \ \
 \\/  ___)| |_)| | | | | || (_| |  ) ) ) )
  '  |____| .__|_| |_|_| |_\__, | / / / /
 =========|_|==============|___/=/_/_/_/

 :: Spring Boot ::                (v3.4.1)

2025-02-19T22:32:18.073+01:00  INFO 10220 --- [SpringCICD] [    Test worker] c.e.s.SpringCicdApplicationTests         : Starting SpringCicdApplicationTests using Java 17.0.9 with PID 10220 (started by lenovo in C:\Users\lenovo\IdeaProjects\SpringCICD)
2025-02-19T22:32:18.076+01:00  INFO 10220 --- [SpringCICD] [    Test worker] c.e.s.SpringCicdApplicationTests         : No active profile set, falling back to 1 default profile: "default"
2025-02-19T22:32:20.526+01:00  INFO 10220 --- [SpringCICD] [    Test worker] o.s.b.t.m.w.SpringBootMockServletContext : Initializing Spring TestDispatcherServlet ''
2025-02-19T22:32:20.526+01:00  INFO 10220 --- [SpringCICD] [    Test worker] o.s.t.web.servlet.TestDispatcherServlet  : Initializing Servlet ''
2025-02-19T22:32:20.535+01:00  INFO 10220 --- [SpringCICD] [    Test worker] o.s.b.a.e.web.EndpointLinksResolver      : Exposing 1 endpoint beneath base path '/actuator'
2025-02-19T22:32:20.546+01:00  INFO 10220 --- [SpringCICD] [    Test worker] o.s.t.web.servlet.TestDispatcherServlet  : Completed initialization in 19 ms
2025-02-19T22:32:20.799+01:00  INFO 10220 --- [SpringCICD] [    Test worker] c.e.s.SpringCicdApplicationTests         : Started SpringCicdApplicationTests in 3.206 seconds (process running for 4.874)

MockHttpServletRequest:
      HTTP Method = GET
      Request URI = /
       Parameters = {}
          Headers = []
             Body = null
    Session Attrs = {}

Handler:
             Type = com.example.springcicd.Api
           Method = com.example.springcicd.Api#getHelloWorld()

Async:
    Async started = false
     Async result = null

Resolved Exception:
             Type = null

ModelAndView:
        View name = null
             View = null
            Model = null

FlashMap:
       Attributes = null

MockHttpServletResponse:
           Status = 200
    Error message = null
          Headers = [Content-Type:"text/plain;charset=UTF-8", Content-Length:"21"]
     Content type = text/plain;charset=UTF-8
             Body = Привет, мир!
    Forwarded URL = null
   Redirected URL = null
          Cookies = []
]]></system-out>
  <system-err><![CDATA[]]></system-err>
</testsuite>
