<?xml version="1.0" encoding="UTF-8"?>
<testsuite name="com.example.springcicd.SpringCicdApplicationTests" tests="1" skipped="0" failures="0" errors="0" timestamp="2025-01-18T12:59:36" hostname="DESKTOP-HP6VELI" time="1.804">
  <properties/>
  <testcase name="contextLoads()" classname="com.example.springcicd.SpringCicdApplicationTests" time="1.804"/>
  <system-out><![CDATA[13:59:30.880 [Test worker] INFO org.springframework.test.context.support.AnnotationConfigContextLoaderUtils -- Could not detect default configuration classes for test class [com.example.springcicd.SpringCicdApplicationTests]: SpringCicdApplicationTests does not declare any static, non-private, non-final, nested classes annotated with @Configuration.
13:59:31.096 [Test worker] INFO org.springframework.boot.test.context.SpringBootTestContextBootstrapper -- Found @SpringBootConfiguration com.example.springcicd.SpringCicdApplication for test class com.example.springcicd.SpringCicdApplicationTests

  .   ____          _            __ _ _
 /\\ / ___'_ __ _ _(_)_ __  __ _ \ \ \ \
( ( )\___ | '_ | '_| | '_ \/ _` | \ \ \ \
 \\/  ___)| |_)| | | | | || (_| |  ) ) ) )
  '  |____| .__|_| |_|_| |_\__, | / / / /
 =========|_|==============|___/=/_/_/_/

 :: Spring Boot ::                (v3.4.1)

2025-01-18T13:59:31.793+01:00  INFO 22636 --- [SpringCICD] [    Test worker] c.e.s.SpringCicdApplicationTests         : Starting SpringCicdApplicationTests using Java 21.0.4 with PID 22636 (started by lenovo in C:\Users\lenovo\IdeaProjects\SpringCICD)
2025-01-18T13:59:31.795+01:00  INFO 22636 --- [SpringCICD] [    Test worker] c.e.s.SpringCicdApplicationTests         : No active profile set, falling back to 1 default profile: "default"
2025-01-18T13:59:36.418+01:00  INFO 22636 --- [SpringCICD] [    Test worker] o.s.b.a.e.web.EndpointLinksResolver      : Exposing 1 endpoint beneath base path '/actuator'
2025-01-18T13:59:36.629+01:00  INFO 22636 --- [SpringCICD] [    Test worker] c.e.s.SpringCicdApplicationTests         : Started SpringCicdApplicationTests in 5.26 seconds (process running for 7.102)
]]></system-out>
  <system-err><![CDATA[Mockito is currently self-attaching to enable the inline-mock-maker. This will no longer work in future releases of the JDK. Please add Mockito as an agent to your build what is described in Mockito's documentation: https://javadoc.io/doc/org.mockito/mockito-core/latest/org/mockito/Mockito.html#0.3
WARNING: A Java agent has been loaded dynamically (C:\Users\lenovo\.gradle\caches\modules-2\files-2.1\net.bytebuddy\byte-buddy-agent\1.15.11\a38b16385e867f59a641330f0362ebe742788ed8\byte-buddy-agent-1.15.11.jar)
WARNING: If a serviceability tool is in use, please run with -XX:+EnableDynamicAgentLoading to hide this warning
WARNING: If a serviceability tool is not in use, please run with -Djdk.instrument.traceUsage for more information
WARNING: Dynamic loading of agents will be disallowed by default in a future release
]]></system-err>
</testsuite>
