<?xml version="1.0" encoding="UTF-8"?>
<testsuite name="com.example.springcicd.SpringCicdApplicationTests" tests="1" skipped="0" failures="0" errors="0" timestamp="2025-02-19T22:12:40" hostname="DESKTOP-HP6VELI" time="1.148">
  <properties/>
  <testcase name="shouldReturnDefaultMessage()" classname="com.example.springcicd.SpringCicdApplicationTests" time="1.148"/>
  <system-out><![CDATA[23:12:35.144 [Test worker] INFO org.springframework.test.context.support.AnnotationConfigContextLoaderUtils -- Could not detect default configuration classes for test class [com.example.springcicd.SpringCicdApplicationTests]: SpringCicdApplicationTests does not declare any static, non-private, non-final, nested classes annotated with @Configuration.
23:12:35.401 [Test worker] INFO org.springframework.boot.test.context.SpringBootTestContextBootstrapper -- Found @SpringBootConfiguration com.example.springcicd.SpringCicdApplication for test class com.example.springcicd.SpringCicdApplicationTests

  .   ____          _            __ _ _
 /\\ / ___'_ __ _ _(_)_ __  __ _ \ \ \ \
( ( )\___ | '_ | '_| | '_ \/ _` | \ \ \ \
 \\/  ___)| |_)| | | | | || (_| |  ) ) ) )
  '  |____| .__|_| |_|_| |_\__, | / / / /
 =========|_|==============|___/=/_/_/_/

 :: Spring Boot ::                (v3.4.1)

2025-02-19T23:12:36.317+01:00  INFO 17960 --- [SpringCICD] [    Test worker] c.e.s.SpringCicdApplicationTests         : Starting SpringCicdApplicationTests using Java 17.0.9 with PID 17960 (started by lenovo in C:\Users\lenovo\IdeaProjects\SpringCICD)
2025-02-19T23:12:36.319+01:00  INFO 17960 --- [SpringCICD] [    Test worker] c.e.s.SpringCicdApplicationTests         : No active profile set, falling back to 1 default profile: "default"
2025-02-19T23:12:40.078+01:00  INFO 17960 --- [SpringCICD] [    Test worker] o.s.b.t.m.w.SpringBootMockServletContext : Initializing Spring TestDispatcherServlet ''
2025-02-19T23:12:40.078+01:00  INFO 17960 --- [SpringCICD] [    Test worker] o.s.t.web.servlet.TestDispatcherServlet  : Initializing Servlet ''
2025-02-19T23:12:40.089+01:00  INFO 17960 --- [SpringCICD] [    Test worker] o.s.b.a.e.web.EndpointLinksResolver      : Exposing 1 endpoint beneath base path '/actuator'
2025-02-19T23:12:40.099+01:00  INFO 17960 --- [SpringCICD] [    Test worker] o.s.t.web.servlet.TestDispatcherServlet  : Completed initialization in 20 ms
2025-02-19T23:12:40.385+01:00  INFO 17960 --- [SpringCICD] [    Test worker] c.e.s.SpringCicdApplicationTests         : Started SpringCicdApplicationTests in 4.612 seconds (process running for 6.98)

MockHttpServletRequest:
      HTTP Method = GET
      Request URI = /
       Parameters = {}
          Headers = []
             Body = null
    Session Attrs = {}

Handler:
             Type = com.example.springcicd.Api
           Method = com.example.springcicd.Api#getHelloWorld()

Async:
    Async started = false
     Async result = null

Resolved Exception:
             Type = null

ModelAndView:
        View name = null
             View = null
            Model = null

FlashMap:
       Attributes = null

MockHttpServletResponse:
           Status = 200
    Error message = null
          Headers = [Content-Type:"text/plain;charset=UTF-8", Content-Length:"21"]
     Content type = text/plain;charset=UTF-8
             Body = Привет, мир!
    Forwarded URL = null
   Redirected URL = null
          Cookies = []
]]></system-out>
  <system-err><![CDATA[]]></system-err>
</testsuite>
